<?xml version="1.0" encoding="UTF-8"?>
<!-- Generated by org.testng.reporters.JUnitXMLReporter -->
<testsuite ignored="1" hostname="Jamunas-MacBook-Pro.local" failures="0" tests="4" name="Default test" time="5.751" errors="0" timestamp="2026-02-20T10:40:37 IST">
  <testcase classname="com.qa.api.scehma.tests.GetAllUserSchemaValidationTest" name="getallcartsSchemaValidation" time="3.174"/>
  <testcase classname="com.qa.api.scehma.tests.GetAllUserSchemaValidationTest" name="getallproductsSchemaValidation" time="0.847"/>
  <testcase classname="com.qa.api.scehma.tests.GetAllUserSchemaValidationTest" name="getallusersSchemaValidation" time="0.311"/>
  <testcase classname="com.qa.api.scehma.tests.GetAllUserSchemaValidationTest" name="postSingleusersSchemaValidation" time="0.621"/>
  <testcase classname="com.qa.api.scehma.tests.GetAllUserSchemaValidationTest" name="getSingleusersSchemaValidation" time="0.0">
    <ignored/>
  </testcase> <!-- getSingleusersSchemaValidation -->
</testsuite> <!-- Default test -->
