<?xml version="1.0" encoding="UTF-8"?>
<!-- Generated by org.testng.reporters.JUnitXMLReporter -->
<testsuite ignored="0" hostname="Jamunas-MacBook-Pro.local" failures="0" tests="2" name="COMPLETE POST CALL SCENARIO" time="3.375" errors="0" timestamp="2026-02-17T17:56:52 IST">
  <testcase classname="com.qa.api.gorest.tests.CompletePostCallScenario" name="createuserinContact" time="2.849"/>
  <testcase classname="com.qa.api.gorest.tests.CompletePostCallScenario" name="createuserinGorest" time="0.513"/>
</testsuite> <!-- COMPLETE POST CALL SCENARIO -->
