<?xml version="1.0" encoding="UTF-8"?>
<!-- Generated by org.testng.reporters.JUnitXMLReporter -->
<testsuite ignored="1" hostname="Jamunas-MacBook-Pro.local" failures="0" tests="4" name="POST CALL" time="2.394" errors="0" timestamp="2026-02-17T17:56:46 IST">
  <testcase classname="com.qa.api.gorest.tests.PostCallsTest" name="createuserByPojowithBuilder" time="0.903"/>
  <testcase classname="com.qa.api.gorest.tests.PostCallsTest" name="createuserByPojowithBuilder" time="0.322"/>
  <testcase classname="com.qa.api.gorest.tests.PostCallsTest" name="createuserByPojowithBuilder" time="0.271"/>
  <testcase classname="com.qa.api.gorest.tests.PostCallsTest" name="createuserByPojowithoutBuilder" time="0.819"/>
  <testcase classname="com.qa.api.gorest.tests.PostCallsTest" name="createuserByPassingFilewithRandomEmail" time="0.0">
    <ignored/>
  </testcase> <!-- createuserByPassingFilewithRandomEmail -->
</testsuite> <!-- POST CALL -->
