<?xml version="1.0" encoding="UTF-8"?>
<!-- Generated by org.testng.reporters.JUnitXMLReporter -->
<testsuite ignored="7" hostname="Jamunas-MacBook-Pro.local" failures="1" tests="37" name="Test" time="26.234" errors="0" timestamp="2026-02-16T01:18:30 IST">
  <testcase classname="com.qa.api.gorest.tests.GetAllUserTest" name="getallusers" time="1.617"/>
  <testcase classname="com.qa.api.gorest.tests.GetAllUserTest" name="getMaleandActiveusers" time="0.365"/>
  <testcase classname="com.qa.api.gorest.tests.GetAllUserTest" name="getSingleusers" time="0.31"/>
  <testcase classname="com.qa.api.gorest.tests.GetAllUserTest" name="getFeMaleandInActiveusers" time="0.285"/>
  <testcase classname="com.qa.api.gorest.tests.GetAllUserTest" name="getallFakeStoreProducts" time="0.466"/>
  <testcase classname="com.qa.api.gorest.tests.GetAllUserTest" name="getallFakeStoreUsers" time="0.535"/>
  <testcase classname="com.qa.api.gorest.tests.InternetHerokuappGetCallTest" name="getcall" time="1.715"/>
  <testcase classname="com.qa.api.gorest.tests.PutCallTest" name="updatingUserDetailUsingPutCall" time="1.648">
    <failure type="java.lang.AssertionError" message="1 expectation failed.
Expected status code (&amp;lt;201&amp;gt; or &amp;lt;200&amp;gt;) but was &amp;lt;422&amp;gt;.
">
      <![CDATA[java.lang.AssertionError: 1 expectation failed.
Expected status code (<201> or <200>) but was <422>.

at org.codehaus.groovy.runtime.callsite.ConstructorSite$ConstructorSiteNoUnwrapNoCoerce.callConstructor(ConstructorSite.java:108)
at org.codehaus.groovy.runtime.callsite.CallSiteArray.defaultCallConstructor(CallSiteArray.java:57)
at org.codehaus.groovy.runtime.callsite.AbstractCallSite.callConstructor(AbstractCallSite.java:263)
at org.codehaus.groovy.runtime.callsite.AbstractCallSite.callConstructor(AbstractCallSite.java:277)
at io.restassured.internal.ResponseSpecificationImpl$HamcrestAssertionClosure.validate(ResponseSpecificationImpl.groovy:512)
at io.restassured.internal.ResponseSpecificationImpl$HamcrestAssertionClosure$validate$1.call(Unknown Source)
at io.restassured.internal.ResponseSpecificationImpl.validate(ResponseSpecificationImpl.groovy:101)
at io.restassured.internal.ValidatableResponseOptionsImpl.spec(ValidatableResponseOptionsImpl.java:288)
at com.qa.api.client.RestClient.put(RestClient.java:155)
at com.qa.api.gorest.tests.PutCallTest.updatingUserDetailUsingPutCall(PutCallTest.java:71)
at java.base/java.util.ArrayList.forEach(ArrayList.java:1596)
... Removed 29 stack frames]]>
    </failure>
  </testcase> <!-- updatingUserDetailUsingPutCall -->
  <testcase classname="com.qa.api.gorest.tests.PatchCallTest" name="updatingUserDetailUsingPutCall" time="1.156"/>
  <testcase classname="com.qa.api.gorest.tests.DeleteTest" name="updatingUserDetailUsingPutCall" time="1.2"/>
  <testcase classname="com.qa.api.gorest.tests.DataDriventest" name="createuserByPassingValueDirectly" time="0.576"/>
  <testcase classname="com.qa.api.gorest.tests.DataDriventest" name="createuserByPassingValueDirectly" time="0.553"/>
  <testcase classname="com.qa.api.gorest.tests.DataDriventest" name="createuserByPassingValueDirectly" time="0.515"/>
  <testcase classname="com.qa.api.gorest.tests.DataDriventest" name="createuserByPassingValueDirectly" time="0.477"/>
  <testcase classname="com.qa.api.gorest.tests.DataDriventest" name="createuserByPassingValueDirectly" time="0.498"/>
  <testcase classname="com.qa.api.gorest.tests.DataDriventest" name="createuserByPassingValueViaFile" time="0.837"/>
  <testcase classname="com.qa.api.gorest.tests.DataDriventest" name="createuserByPassingValueViaFile" time="0.638"/>
  <testcase classname="com.qa.api.gorest.tests.DataDriventest" name="createuserByPassingValueViaFile" time="0.539"/>
  <testcase classname="com.qa.api.gorest.tests.DataDriventest" name="createuserByPassingValueViaFile" time="0.525"/>
  <testcase classname="com.qa.api.gorest.tests.DataDriventest" name="createuserByPassingValueViaFile" time="0.57"/>
  <testcase classname="com.qa.api.gorest.tests.DataDriventest" name="createuserByPassingValueViaFile" time="0.539"/>
  <testcase classname="com.qa.api.gorest.tests.DataDriventest" name="createuserByPassingValueViaFile" time="0.529"/>
  <testcase classname="com.qa.api.gorest.tests.DataDriventest" name="createuserByPassingValueViaFile" time="0.563"/>
  <testcase classname="com.qa.api.gorest.tests.DataDriventest" name="createuserByPassingValueViaFile" time="0.525"/>
  <testcase classname="com.qa.api.gorest.tests.DataDriventest" name="createuserByPassingValueViaFile" time="0.561"/>
  <testcase classname="com.qa.api.gorest.tests.DataDriventest" name="createuserByPassingValueViaFile" time="0.531"/>
  <testcase classname="com.qa.api.gorest.tests.DataDriventest" name="createuserByPassingValueViaFile" time="0.508"/>
  <testcase classname="com.qa.api.gorest.tests.DataDriventest" name="createuserByPassingValueViaFile" time="0.522"/>
  <testcase classname="com.qa.api.gorest.tests.DataDriventest" name="createuserByPassingValueViaFile" time="0.488"/>
  <testcase classname="com.qa.api.gorest.tests.DataDriventest" name="createuserByPassingValueViaFile" time="0.507"/>
  <testcase classname="com.qa.api.gorest.tests.CompletePostCallScenario" name="createuserinContact" time="2.71"/>
  <testcase classname="com.qa.api.gorest.tests.CompletePostCallScenario" name="createuserinGorest" time="0.494"/>
  <testcase classname="com.qa.api.gorest.tests.PostCallsTest" name="createuserByPassingFilewithRandomEmail" time="0.256"/>
  <testcase classname="com.qa.api.gorest.tests.PostCallsTest" name="createuserByPojowithBuilder" time="0.274"/>
  <testcase classname="com.qa.api.gorest.tests.PostCallsTest" name="createuserByPojowithBuilder" time="0.28"/>
  <testcase classname="com.qa.api.gorest.tests.PostCallsTest" name="createuserByPojowithBuilder" time="0.245"/>
  <testcase classname="com.qa.api.gorest.tests.PostCallsTest" name="createuserByPojowithoutBuilder" time="0.259"/>
  <testcase classname="com.qa.api.Base.Base" name="@BeforeSuite initsetup" time="0.0">
    <ignored/>
  </testcase> <!-- @BeforeSuite initsetup -->
  <testcase classname="com.qa.api.Base.Base" name="@BeforeSuite initsetup" time="0.0">
    <ignored/>
  </testcase> <!-- @BeforeSuite initsetup -->
  <testcase classname="com.qa.api.Base.Base" name="@BeforeSuite initsetup" time="0.0">
    <ignored/>
  </testcase> <!-- @BeforeSuite initsetup -->
  <testcase classname="com.qa.api.Base.Base" name="@BeforeSuite initsetup" time="0.0">
    <ignored/>
  </testcase> <!-- @BeforeSuite initsetup -->
  <testcase classname="com.qa.api.Base.Base" name="@BeforeSuite initsetup" time="0.0">
    <ignored/>
  </testcase> <!-- @BeforeSuite initsetup -->
  <testcase classname="com.qa.api.Base.Base" name="@BeforeSuite initsetup" time="0.0">
    <ignored/>
  </testcase> <!-- @BeforeSuite initsetup -->
  <testcase classname="com.qa.api.Base.Base" name="@BeforeSuite initsetup" time="0.0">
    <ignored/>
  </testcase> <!-- @BeforeSuite initsetup -->
</testsuite> <!-- Test -->
