<?xml version="1.0" encoding="UTF-8"?>
<!-- Generated by org.testng.reporters.JUnitXMLReporter -->
<testsuite ignored="0" hostname="Jamunas-MacBook-Pro.local" failures="0" tests="2" name="COMPLETE POST CALL SCENARIO" time="2.918" errors="0" timestamp="2026-02-17T18:14:01 IST">
  <testcase classname="com.qa.api.gorest.tests.CompletePostCallScenario" name="createuserinContact" time="2.482"/>
  <testcase classname="com.qa.api.gorest.tests.CompletePostCallScenario" name="createuserinGorest" time="0.431"/>
</testsuite> <!-- COMPLETE POST CALL SCENARIO -->
