<?xml version="1.0" encoding="UTF-8"?>
<!-- Generated by org.testng.reporters.JUnitXMLReporter -->
<testsuite ignored="0" hostname="Jamunas-MacBook-Pro.local" failures="0" tests="6" name="GET CALL" time="2.344" errors="0" timestamp="2026-02-17T18:13:55 IST">
  <testcase classname="com.qa.api.gorest.tests.GetAllUserTest" name="getallusers" time="0.62"/>
  <testcase classname="com.qa.api.gorest.tests.GetAllUserTest" name="getMaleandActiveusers" time="0.236"/>
  <testcase classname="com.qa.api.gorest.tests.GetAllUserTest" name="getSingleusers" time="0.29"/>
  <testcase classname="com.qa.api.gorest.tests.GetAllUserTest" name="getFeMaleandInActiveusers" time="0.232"/>
  <testcase classname="com.qa.api.gorest.tests.GetAllUserTest" name="getallFakeStoreProducts" time="0.41"/>
  <testcase classname="com.qa.api.gorest.tests.GetAllUserTest" name="getallFakeStoreUsers" time="0.473"/>
</testsuite> <!-- GET CALL -->
