<?xml version="1.0" encoding="UTF-8"?>
<!-- Generated by org.testng.reporters.JUnitXMLReporter -->
<testsuite ignored="1" hostname="Jamunas-MacBook-Pro.local" failures="0" tests="4" name="POST CALL" time="1.23" errors="0" timestamp="2026-02-17T18:13:56 IST">
  <testcase classname="com.qa.api.gorest.tests.PostCallsTest" name="createuserByPojowithBuilder" time="0.322"/>
  <testcase classname="com.qa.api.gorest.tests.PostCallsTest" name="createuserByPojowithBuilder" time="0.248"/>
  <testcase classname="com.qa.api.gorest.tests.PostCallsTest" name="createuserByPojowithBuilder" time="0.254"/>
  <testcase classname="com.qa.api.gorest.tests.PostCallsTest" name="createuserByPojowithoutBuilder" time="0.386"/>
  <testcase classname="com.qa.api.gorest.tests.PostCallsTest" name="createuserByPassingFilewithRandomEmail" time="0.0">
    <ignored/>
  </testcase> <!-- createuserByPassingFilewithRandomEmail -->
</testsuite> <!-- POST CALL -->
