<?xml version="1.0" encoding="UTF-8"?>
<testsuite xmlns:xsi="http://www.w3.org/2001/XMLSchema-instance" xsi:noNamespaceSchemaLocation="https://maven.apache.org/surefire/maven-surefire-plugin/xsd/surefire-test-report.xsd" name="TestSuite" time="11.288" tests="19" errors="0" skipped="0" failures="0">
  <properties>
[...]
</properties>
  <testcase name="getallusers" classname="com.qa.api.gorest.tests.GetAllUserTest" time="0.624"/>
  <testcase name="getMaleandActiveusers" classname="com.qa.api.gorest.tests.GetAllUserTest" time="0.237"/>
  <testcase name="getSingleusers" classname="com.qa.api.gorest.tests.GetAllUserTest" time="0.291"/>
  <testcase name="getFeMaleandInActiveusers" classname="com.qa.api.gorest.tests.GetAllUserTest" time="0.234"/>
  <testcase name="getallFakeStoreProducts" classname="com.qa.api.gorest.tests.GetAllUserTest" time="0.411"/>
  <testcase name="getallFakeStoreUsers" classname="com.qa.api.gorest.tests.GetAllUserTest" time="0.475"/>
  <testcase name="createuserByPojowithBuilder" classname="com.qa.api.gorest.tests.PostCallsTest" time="0.326"/>
  <testcase name="createuserByPojowithBuilder" classname="com.qa.api.gorest.tests.PostCallsTest" time="0.249"/>
  <testcase name="createuserByPojowithBuilder" classname="com.qa.api.gorest.tests.PostCallsTest" time="0.256"/>
  <testcase name="createuserByPojowithoutBuilder" classname="com.qa.api.gorest.tests.PostCallsTest" time="0.387"/>
  <testcase name="updatingUserDetailUsingPutCall" classname="com.qa.api.gorest.tests.PutCallTest" time="1.037"/>
  <testcase name="updatingUserDetailUsingPutCall" classname="com.qa.api.gorest.tests.PatchCallTest" time="0.924"/>
  <testcase name="createuserinContact" classname="com.qa.api.gorest.tests.CompletePostCallScenario" time="2.483"/>
  <testcase name="createuserinGorest" classname="com.qa.api.gorest.tests.CompletePostCallScenario" time="0.432"/>
  <testcase name="updatingUserDetailUsingPutCall" classname="com.qa.api.gorest.tests.DeleteTest" time="0.929"/>
  <testcase name="getallcartsSchemaValidation" classname="com.qa.api.scehma.tests.GetAllUserSchemaValidationTest" time="0.564"/>
  <testcase name="getallproductsSchemaValidation" classname="com.qa.api.scehma.tests.GetAllUserSchemaValidationTest" time="0.404"/>
  <testcase name="getallusersSchemaValidation" classname="com.qa.api.scehma.tests.GetAllUserSchemaValidationTest" time="0.241"/>
  <testcase name="postSingleusersSchemaValidation" classname="com.qa.api.scehma.tests.GetAllUserSchemaValidationTest" time="0.253"/>
</testsuite>