<?xml version="1.0" encoding="UTF-8"?>
<testng-results ignored="0" total="19" passed="19" failed="0" skipped="0">
  <reporter-output>
  </reporter-output>
  <suite started-at="2026-02-17T18:13:52 IST" name="Suite" finished-at="2026-02-17T18:14:02 IST" duration-ms="9411">
    <groups>
    </groups>
    <test started-at="2026-02-17T18:13:52 IST" name="GET CALL" finished-at="2026-02-17T18:13:55 IST" duration-ms="2344">
      <class name="com.qa.api.gorest.tests.GetAllUserTest">
        <test-method is-config="true" signature="setup()[pri:0, instance:com.qa.api.gorest.tests.GetAllUserTest@5b03b9fe]" started-at="2026-02-17T18:13:52 IST" name="setup" finished-at="2026-02-17T18:13:52 IST" duration-ms="41" status="PASS">
          <reporter-output>
          </reporter-output>
        </test-method> <!-- setup -->
        <test-method signature="getallusers()[pri:1, instance:com.qa.api.gorest.tests.GetAllUserTest@5b03b9fe]" started-at="2026-02-17T18:13:52 IST" name="getallusers" finished-at="2026-02-17T18:13:53 IST" duration-ms="620" status="PASS">
          <reporter-output>
          </reporter-output>
        </test-method> <!-- getallusers -->
        <test-method is-config="true" signature="setup()[pri:0, instance:com.qa.api.gorest.tests.GetAllUserTest@5b03b9fe]" started-at="2026-02-17T18:13:53 IST" name="setup" finished-at="2026-02-17T18:13:53 IST" duration-ms="1" status="PASS">
          <reporter-output>
          </reporter-output>
        </test-method> <!-- setup -->
        <test-method signature="getMaleandActiveusers()[pri:2, instance:com.qa.api.gorest.tests.GetAllUserTest@5b03b9fe]" started-at="2026-02-17T18:13:53 IST" name="getMaleandActiveusers" finished-at="2026-02-17T18:13:53 IST" duration-ms="236" status="PASS">
          <reporter-output>
          </reporter-output>
        </test-method> <!-- getMaleandActiveusers -->
        <test-method is-config="true" signature="setup()[pri:0, instance:com.qa.api.gorest.tests.GetAllUserTest@5b03b9fe]" started-at="2026-02-17T18:13:53 IST" name="setup" finished-at="2026-02-17T18:13:53 IST" duration-ms="1" status="PASS">
          <reporter-output>
          </reporter-output>
        </test-method> <!-- setup -->
        <test-method signature="getSingleusers()[pri:3, instance:com.qa.api.gorest.tests.GetAllUserTest@5b03b9fe]" started-at="2026-02-17T18:13:53 IST" name="getSingleusers" finished-at="2026-02-17T18:13:54 IST" duration-ms="290" status="PASS">
          <reporter-output>
          </reporter-output>
        </test-method> <!-- getSingleusers -->
        <test-method is-config="true" signature="setup()[pri:0, instance:com.qa.api.gorest.tests.GetAllUserTest@5b03b9fe]" started-at="2026-02-17T18:13:54 IST" name="setup" finished-at="2026-02-17T18:13:54 IST" duration-ms="1" status="PASS">
          <reporter-output>
          </reporter-output>
        </test-method> <!-- setup -->
        <test-method signature="getFeMaleandInActiveusers()[pri:4, instance:com.qa.api.gorest.tests.GetAllUserTest@5b03b9fe]" started-at="2026-02-17T18:13:54 IST" name="getFeMaleandInActiveusers" finished-at="2026-02-17T18:13:54 IST" duration-ms="232" status="PASS">
          <reporter-output>
          </reporter-output>
        </test-method> <!-- getFeMaleandInActiveusers -->
        <test-method is-config="true" signature="setup()[pri:0, instance:com.qa.api.gorest.tests.GetAllUserTest@5b03b9fe]" started-at="2026-02-17T18:13:54 IST" name="setup" finished-at="2026-02-17T18:13:54 IST" duration-ms="1" status="PASS">
          <reporter-output>
          </reporter-output>
        </test-method> <!-- setup -->
        <test-method signature="getallFakeStoreProducts()[pri:5, instance:com.qa.api.gorest.tests.GetAllUserTest@5b03b9fe]" started-at="2026-02-17T18:13:54 IST" name="getallFakeStoreProducts" finished-at="2026-02-17T18:13:54 IST" duration-ms="410" status="PASS">
          <reporter-output>
          </reporter-output>
        </test-method> <!-- getallFakeStoreProducts -->
        <test-method is-config="true" signature="setup()[pri:0, instance:com.qa.api.gorest.tests.GetAllUserTest@5b03b9fe]" started-at="2026-02-17T18:13:54 IST" name="setup" finished-at="2026-02-17T18:13:54 IST" duration-ms="0" status="PASS">
          <reporter-output>
          </reporter-output>
        </test-method> <!-- setup -->
        <test-method signature="getallFakeStoreUsers()[pri:6, instance:com.qa.api.gorest.tests.GetAllUserTest@5b03b9fe]" started-at="2026-02-17T18:13:54 IST" name="getallFakeStoreUsers" finished-at="2026-02-17T18:13:55 IST" duration-ms="473" status="PASS">
          <reporter-output>
          </reporter-output>
        </test-method> <!-- getallFakeStoreUsers -->
      </class> <!-- com.qa.api.gorest.tests.GetAllUserTest -->
    </test> <!-- GET CALL -->
    <test started-at="2026-02-17T18:13:55 IST" name="POST CALL" finished-at="2026-02-17T18:13:56 IST" duration-ms="1230">
      <class name="com.qa.api.gorest.tests.PostCallsTest">
        <test-method signature="createuserByPojowithBuilder(java.lang.String,java.lang.String,java.lang.String)[pri:0, instance:com.qa.api.gorest.tests.PostCallsTest@32f232a5]" started-at="2026-02-17T18:13:55 IST" name="createuserByPojowithBuilder" data-provider="getUserData" finished-at="2026-02-17T18:13:55 IST" duration-ms="322" status="PASS">
          <params>
            <param index="0">
              <value>
                <![CDATA[karim1]]>
              </value>
            </param>
            <param index="1">
              <value>
                <![CDATA[Male]]>
              </value>
            </param>
            <param index="2">
              <value>
                <![CDATA[active]]>
              </value>
            </param>
          </params>
          <reporter-output>
          </reporter-output>
        </test-method> <!-- createuserByPojowithBuilder -->
        <test-method is-config="true" signature="setup()[pri:0, instance:com.qa.api.gorest.tests.PostCallsTest@32f232a5]" started-at="2026-02-17T18:13:55 IST" name="setup" finished-at="2026-02-17T18:13:55 IST" duration-ms="0" status="PASS">
          <reporter-output>
          </reporter-output>
        </test-method> <!-- setup -->
        <test-method is-config="true" signature="setup()[pri:0, instance:com.qa.api.gorest.tests.PostCallsTest@32f232a5]" started-at="2026-02-17T18:13:55 IST" name="setup" finished-at="2026-02-17T18:13:55 IST" duration-ms="1" status="PASS">
          <reporter-output>
          </reporter-output>
        </test-method> <!-- setup -->
        <test-method signature="createuserByPojowithBuilder(java.lang.String,java.lang.String,java.lang.String)[pri:0, instance:com.qa.api.gorest.tests.PostCallsTest@32f232a5]" started-at="2026-02-17T18:13:55 IST" name="createuserByPojowithBuilder" data-provider="getUserData" finished-at="2026-02-17T18:13:55 IST" duration-ms="248" status="PASS">
          <params>
            <param index="0">
              <value>
                <![CDATA[karim2]]>
              </value>
            </param>
            <param index="1">
              <value>
                <![CDATA[Male]]>
              </value>
            </param>
            <param index="2">
              <value>
                <![CDATA[active]]>
              </value>
            </param>
          </params>
          <reporter-output>
          </reporter-output>
        </test-method> <!-- createuserByPojowithBuilder -->
        <test-method is-config="true" signature="setup()[pri:0, instance:com.qa.api.gorest.tests.PostCallsTest@32f232a5]" started-at="2026-02-17T18:13:55 IST" name="setup" finished-at="2026-02-17T18:13:55 IST" duration-ms="1" status="PASS">
          <reporter-output>
          </reporter-output>
        </test-method> <!-- setup -->
        <test-method signature="createuserByPojowithBuilder(java.lang.String,java.lang.String,java.lang.String)[pri:0, instance:com.qa.api.gorest.tests.PostCallsTest@32f232a5]" started-at="2026-02-17T18:13:55 IST" name="createuserByPojowithBuilder" data-provider="getUserData" finished-at="2026-02-17T18:13:56 IST" duration-ms="254" status="PASS">
          <params>
            <param index="0">
              <value>
                <![CDATA[karim3]]>
              </value>
            </param>
            <param index="1">
              <value>
                <![CDATA[Male]]>
              </value>
            </param>
            <param index="2">
              <value>
                <![CDATA[active]]>
              </value>
            </param>
          </params>
          <reporter-output>
          </reporter-output>
        </test-method> <!-- createuserByPojowithBuilder -->
        <test-method is-config="true" signature="setup()[pri:0, instance:com.qa.api.gorest.tests.PostCallsTest@32f232a5]" started-at="2026-02-17T18:13:56 IST" name="setup" finished-at="2026-02-17T18:13:56 IST" duration-ms="2" status="PASS">
          <reporter-output>
          </reporter-output>
        </test-method> <!-- setup -->
        <test-method signature="createuserByPojowithoutBuilder()[pri:0, instance:com.qa.api.gorest.tests.PostCallsTest@32f232a5]" started-at="2026-02-17T18:13:56 IST" name="createuserByPojowithoutBuilder" finished-at="2026-02-17T18:13:56 IST" duration-ms="386" status="PASS">
          <reporter-output>
          </reporter-output>
        </test-method> <!-- createuserByPojowithoutBuilder -->
      </class> <!-- com.qa.api.gorest.tests.PostCallsTest -->
    </test> <!-- POST CALL -->
    <test started-at="2026-02-17T18:13:56 IST" name="PUT CALL" finished-at="2026-02-17T18:13:57 IST" duration-ms="1038">
      <class name="com.qa.api.gorest.tests.PutCallTest">
        <test-method is-config="true" signature="setup()[pri:0, instance:com.qa.api.gorest.tests.PutCallTest@2dc995f4]" started-at="2026-02-17T18:13:56 IST" name="setup" finished-at="2026-02-17T18:13:56 IST" duration-ms="1" status="PASS">
          <reporter-output>
          </reporter-output>
        </test-method> <!-- setup -->
        <test-method signature="updatingUserDetailUsingPutCall()[pri:0, instance:com.qa.api.gorest.tests.PutCallTest@2dc995f4]" started-at="2026-02-17T18:13:56 IST" name="updatingUserDetailUsingPutCall" finished-at="2026-02-17T18:13:57 IST" duration-ms="1036" status="PASS">
          <reporter-output>
          </reporter-output>
        </test-method> <!-- updatingUserDetailUsingPutCall -->
      </class> <!-- com.qa.api.gorest.tests.PutCallTest -->
    </test> <!-- PUT CALL -->
    <test started-at="2026-02-17T18:13:57 IST" name="PATCH CALL" finished-at="2026-02-17T18:13:58 IST" duration-ms="925">
      <class name="com.qa.api.gorest.tests.PatchCallTest">
        <test-method is-config="true" signature="setup()[pri:0, instance:com.qa.api.gorest.tests.PatchCallTest@530712d]" started-at="2026-02-17T18:13:57 IST" name="setup" finished-at="2026-02-17T18:13:57 IST" duration-ms="1" status="PASS">
          <reporter-output>
          </reporter-output>
        </test-method> <!-- setup -->
        <test-method signature="updatingUserDetailUsingPutCall()[pri:0, instance:com.qa.api.gorest.tests.PatchCallTest@530712d]" started-at="2026-02-17T18:13:57 IST" name="updatingUserDetailUsingPutCall" finished-at="2026-02-17T18:13:58 IST" duration-ms="923" status="PASS">
          <reporter-output>
          </reporter-output>
        </test-method> <!-- updatingUserDetailUsingPutCall -->
      </class> <!-- com.qa.api.gorest.tests.PatchCallTest -->
    </test> <!-- PATCH CALL -->
    <test started-at="2026-02-17T18:13:58 IST" name="COMPLETE POST CALL SCENARIO" finished-at="2026-02-17T18:14:01 IST" duration-ms="2918">
      <class name="com.qa.api.gorest.tests.CompletePostCallScenario">
        <test-method is-config="true" signature="setup()[pri:0, instance:com.qa.api.gorest.tests.CompletePostCallScenario@6986bbaf]" started-at="2026-02-17T18:13:58 IST" name="setup" finished-at="2026-02-17T18:13:58 IST" duration-ms="1" status="PASS">
          <reporter-output>
          </reporter-output>
        </test-method> <!-- setup -->
        <test-method signature="createuserinContact()[pri:0, instance:com.qa.api.gorest.tests.CompletePostCallScenario@6986bbaf]" started-at="2026-02-17T18:13:58 IST" name="createuserinContact" finished-at="2026-02-17T18:14:00 IST" duration-ms="2482" status="PASS">
          <reporter-output>
          </reporter-output>
        </test-method> <!-- createuserinContact -->
        <test-method is-config="true" signature="setup()[pri:0, instance:com.qa.api.gorest.tests.CompletePostCallScenario@6986bbaf]" started-at="2026-02-17T18:14:00 IST" name="setup" finished-at="2026-02-17T18:14:00 IST" duration-ms="1" status="PASS">
          <reporter-output>
          </reporter-output>
        </test-method> <!-- setup -->
        <test-method signature="createuserinGorest()[pri:0, instance:com.qa.api.gorest.tests.CompletePostCallScenario@6986bbaf]" started-at="2026-02-17T18:14:00 IST" name="createuserinGorest" finished-at="2026-02-17T18:14:01 IST" duration-ms="431" status="PASS">
          <reporter-output>
          </reporter-output>
        </test-method> <!-- createuserinGorest -->
      </class> <!-- com.qa.api.gorest.tests.CompletePostCallScenario -->
    </test> <!-- COMPLETE POST CALL SCENARIO -->
    <test started-at="2026-02-17T18:14:01 IST" name="DELETE CALL" finished-at="2026-02-17T18:14:02 IST" duration-ms="931">
      <class name="com.qa.api.gorest.tests.DeleteTest">
        <test-method is-config="true" signature="initSetup()[pri:0, instance:com.qa.api.gorest.tests.DeleteTest@28ec166e]" started-at="2026-02-17T18:13:52 IST" name="initSetup" finished-at="2026-02-17T18:13:52 IST" duration-ms="93" status="PASS">
          <reporter-output>
          </reporter-output>
        </test-method> <!-- initSetup -->
        <test-method is-config="true" signature="setup()[pri:0, instance:com.qa.api.gorest.tests.DeleteTest@28ec166e]" started-at="2026-02-17T18:14:01 IST" name="setup" finished-at="2026-02-17T18:14:01 IST" duration-ms="0" status="PASS">
          <reporter-output>
          </reporter-output>
        </test-method> <!-- setup -->
        <test-method signature="updatingUserDetailUsingPutCall()[pri:0, instance:com.qa.api.gorest.tests.DeleteTest@28ec166e]" started-at="2026-02-17T18:14:01 IST" name="updatingUserDetailUsingPutCall" finished-at="2026-02-17T18:14:02 IST" duration-ms="928" status="PASS">
          <reporter-output>
          </reporter-output>
        </test-method> <!-- updatingUserDetailUsingPutCall -->
      </class> <!-- com.qa.api.gorest.tests.DeleteTest -->
    </test> <!-- DELETE CALL -->
  </suite> <!-- Suite -->
  <suite started-at="2026-02-17T18:14:02 IST" name="Suite (0)" finished-at="2026-02-17T18:14:03 IST" duration-ms="1469">
    <groups>
    </groups>
    <test started-at="2026-02-17T18:14:02 IST" name="GET CALL" finished-at="2026-02-17T18:14:03 IST" duration-ms="1469">
      <class name="com.qa.api.scehma.tests.GetAllUserSchemaValidationTest">
        <test-method is-config="true" signature="initSetup()[pri:0, instance:com.qa.api.scehma.tests.GetAllUserSchemaValidationTest@2654635]" started-at="2026-02-17T18:14:02 IST" name="initSetup" finished-at="2026-02-17T18:14:02 IST" duration-ms="1" status="PASS">
          <reporter-output>
          </reporter-output>
        </test-method> <!-- initSetup -->
        <test-method is-config="true" signature="setup()[pri:0, instance:com.qa.api.scehma.tests.GetAllUserSchemaValidationTest@2654635]" started-at="2026-02-17T18:14:02 IST" name="setup" finished-at="2026-02-17T18:14:02 IST" duration-ms="1" status="PASS">
          <reporter-output>
          </reporter-output>
        </test-method> <!-- setup -->
        <test-method signature="getallcartsSchemaValidation()[pri:1, instance:com.qa.api.scehma.tests.GetAllUserSchemaValidationTest@2654635]" started-at="2026-02-17T18:14:02 IST" name="getallcartsSchemaValidation" finished-at="2026-02-17T18:14:02 IST" duration-ms="564" status="PASS">
          <reporter-output>
          </reporter-output>
        </test-method> <!-- getallcartsSchemaValidation -->
        <test-method is-config="true" signature="setup()[pri:0, instance:com.qa.api.scehma.tests.GetAllUserSchemaValidationTest@2654635]" started-at="2026-02-17T18:14:02 IST" name="setup" finished-at="2026-02-17T18:14:02 IST" duration-ms="0" status="PASS">
          <reporter-output>
          </reporter-output>
        </test-method> <!-- setup -->
        <test-method signature="getallproductsSchemaValidation()[pri:1, instance:com.qa.api.scehma.tests.GetAllUserSchemaValidationTest@2654635]" started-at="2026-02-17T18:14:02 IST" name="getallproductsSchemaValidation" finished-at="2026-02-17T18:14:03 IST" duration-ms="403" status="PASS">
          <reporter-output>
          </reporter-output>
        </test-method> <!-- getallproductsSchemaValidation -->
        <test-method is-config="true" signature="setup()[pri:0, instance:com.qa.api.scehma.tests.GetAllUserSchemaValidationTest@2654635]" started-at="2026-02-17T18:14:03 IST" name="setup" finished-at="2026-02-17T18:14:03 IST" duration-ms="0" status="PASS">
          <reporter-output>
          </reporter-output>
        </test-method> <!-- setup -->
        <test-method signature="getallusersSchemaValidation()[pri:1, instance:com.qa.api.scehma.tests.GetAllUserSchemaValidationTest@2654635]" started-at="2026-02-17T18:14:03 IST" name="getallusersSchemaValidation" finished-at="2026-02-17T18:14:03 IST" duration-ms="240" status="PASS">
          <reporter-output>
          </reporter-output>
        </test-method> <!-- getallusersSchemaValidation -->
        <test-method is-config="true" signature="setup()[pri:0, instance:com.qa.api.scehma.tests.GetAllUserSchemaValidationTest@2654635]" started-at="2026-02-17T18:14:03 IST" name="setup" finished-at="2026-02-17T18:14:03 IST" duration-ms="1" status="PASS">
          <reporter-output>
          </reporter-output>
        </test-method> <!-- setup -->
        <test-method signature="postSingleusersSchemaValidation()[pri:1, instance:com.qa.api.scehma.tests.GetAllUserSchemaValidationTest@2654635]" started-at="2026-02-17T18:14:03 IST" name="postSingleusersSchemaValidation" finished-at="2026-02-17T18:14:03 IST" duration-ms="252" status="PASS">
          <reporter-output>
          </reporter-output>
        </test-method> <!-- postSingleusersSchemaValidation -->
      </class> <!-- com.qa.api.scehma.tests.GetAllUserSchemaValidationTest -->
    </test> <!-- GET CALL -->
  </suite> <!-- Suite (0) -->
</testng-results>
