<?xml version="1.0" encoding="UTF-8"?>
<!-- Generated by org.testng.reporters.JUnitXMLReporter -->
<testsuite ignored="1" hostname="Jamunas-MacBook-Pro.local" failures="0" tests="4" name="GET CALL" time="1.469" errors="0" timestamp="2026-02-17T18:14:03 IST">
  <testcase classname="com.qa.api.scehma.tests.GetAllUserSchemaValidationTest" name="getallcartsSchemaValidation" time="0.564"/>
  <testcase classname="com.qa.api.scehma.tests.GetAllUserSchemaValidationTest" name="getallproductsSchemaValidation" time="0.403"/>
  <testcase classname="com.qa.api.scehma.tests.GetAllUserSchemaValidationTest" name="getallusersSchemaValidation" time="0.24"/>
  <testcase classname="com.qa.api.scehma.tests.GetAllUserSchemaValidationTest" name="postSingleusersSchemaValidation" time="0.252"/>
  <testcase classname="com.qa.api.scehma.tests.GetAllUserSchemaValidationTest" name="getSingleusersSchemaValidation" time="0.0">
    <ignored/>
  </testcase> <!-- getSingleusersSchemaValidation -->
</testsuite> <!-- GET CALL -->
