<?xml version="1.0" encoding="UTF-8"?>
<testng-results ignored="0" total="4" passed="4" failed="0" skipped="0">
  <reporter-output>
  </reporter-output>
  <suite started-at="2026-02-20T10:40:31 IST" name="Default suite" finished-at="2026-02-20T10:40:37 IST" duration-ms="5751">
    <groups>
    </groups>
    <test started-at="2026-02-20T10:40:31 IST" name="Default test" finished-at="2026-02-20T10:40:37 IST" duration-ms="5751">
      <class name="com.qa.api.scehma.tests.GetAllUserSchemaValidationTest">
        <test-method is-config="true" signature="initSetup()[pri:0, instance:com.qa.api.scehma.tests.GetAllUserSchemaValidationTest@5038d0b5]" started-at="2026-02-20T10:40:31 IST" name="initSetup" finished-at="2026-02-20T10:40:31 IST" duration-ms="546" status="PASS">
          <reporter-output>
          </reporter-output>
        </test-method> <!-- initSetup -->
        <test-method is-config="true" signature="setup()[pri:0, instance:com.qa.api.scehma.tests.GetAllUserSchemaValidationTest@5038d0b5]" started-at="2026-02-20T10:40:32 IST" name="setup" finished-at="2026-02-20T10:40:32 IST" duration-ms="312" status="PASS">
          <reporter-output>
          </reporter-output>
        </test-method> <!-- setup -->
        <test-method signature="getallcartsSchemaValidation()[pri:1, instance:com.qa.api.scehma.tests.GetAllUserSchemaValidationTest@5038d0b5]" started-at="2026-02-20T10:40:32 IST" name="getallcartsSchemaValidation" finished-at="2026-02-20T10:40:35 IST" duration-ms="3174" status="PASS">
          <reporter-output>
          </reporter-output>
        </test-method> <!-- getallcartsSchemaValidation -->
        <test-method is-config="true" signature="setup()[pri:0, instance:com.qa.api.scehma.tests.GetAllUserSchemaValidationTest@5038d0b5]" started-at="2026-02-20T10:40:35 IST" name="setup" finished-at="2026-02-20T10:40:35 IST" duration-ms="10" status="PASS">
          <reporter-output>
          </reporter-output>
        </test-method> <!-- setup -->
        <test-method signature="getallproductsSchemaValidation()[pri:1, instance:com.qa.api.scehma.tests.GetAllUserSchemaValidationTest@5038d0b5]" started-at="2026-02-20T10:40:35 IST" name="getallproductsSchemaValidation" finished-at="2026-02-20T10:40:36 IST" duration-ms="847" status="PASS">
          <reporter-output>
          </reporter-output>
        </test-method> <!-- getallproductsSchemaValidation -->
        <test-method is-config="true" signature="setup()[pri:0, instance:com.qa.api.scehma.tests.GetAllUserSchemaValidationTest@5038d0b5]" started-at="2026-02-20T10:40:36 IST" name="setup" finished-at="2026-02-20T10:40:36 IST" duration-ms="2" status="PASS">
          <reporter-output>
          </reporter-output>
        </test-method> <!-- setup -->
        <test-method signature="getallusersSchemaValidation()[pri:1, instance:com.qa.api.scehma.tests.GetAllUserSchemaValidationTest@5038d0b5]" started-at="2026-02-20T10:40:36 IST" name="getallusersSchemaValidation" finished-at="2026-02-20T10:40:36 IST" duration-ms="311" status="PASS">
          <reporter-output>
          </reporter-output>
        </test-method> <!-- getallusersSchemaValidation -->
        <test-method is-config="true" signature="setup()[pri:0, instance:com.qa.api.scehma.tests.GetAllUserSchemaValidationTest@5038d0b5]" started-at="2026-02-20T10:40:36 IST" name="setup" finished-at="2026-02-20T10:40:36 IST" duration-ms="3" status="PASS">
          <reporter-output>
          </reporter-output>
        </test-method> <!-- setup -->
        <test-method signature="postSingleusersSchemaValidation()[pri:1, instance:com.qa.api.scehma.tests.GetAllUserSchemaValidationTest@5038d0b5]" started-at="2026-02-20T10:40:36 IST" name="postSingleusersSchemaValidation" finished-at="2026-02-20T10:40:37 IST" duration-ms="621" status="PASS">
          <reporter-output>
          </reporter-output>
        </test-method> <!-- postSingleusersSchemaValidation -->
      </class> <!-- com.qa.api.scehma.tests.GetAllUserSchemaValidationTest -->
    </test> <!-- Default test -->
  </suite> <!-- Default suite -->
</testng-results>
