<?xml version="1.0" encoding="UTF-8"?>
<!-- Generated by org.testng.reporters.JUnitReportReporter -->
<testsuite hostname="Jamunas-MacBook-Pro.local" failures="0" tests="20" name="com.qa.api.gorest.tests.DataDriventest" time="11.045" errors="0" timestamp="2026-02-16T01:18:30 IST" skipped="0">
  <testcase classname="com.qa.api.gorest.tests.DataDriventest" name="createuserByPassingValueViaFile" time="0.510"/>
  <testcase classname="com.qa.api.gorest.tests.DataDriventest" name="createuserByPassingValueViaFile" time="0.533"/>
  <testcase classname="com.qa.api.gorest.tests.DataDriventest" name="createuserByPassingValueViaFile" time="0.527"/>
  <testcase classname="com.qa.api.gorest.tests.DataDriventest" name="createuserByPassingValueViaFile" time="0.491"/>
  <testcase classname="com.qa.api.gorest.tests.DataDriventest" name="createuserByPassingValueViaFile" time="0.531"/>
  <testcase classname="com.qa.api.gorest.tests.DataDriventest" name="createuserByPassingValueDirectly" time="0.517"/>
  <testcase classname="com.qa.api.gorest.tests.DataDriventest" name="createuserByPassingValueDirectly" time="0.554"/>
  <testcase classname="com.qa.api.gorest.tests.DataDriventest" name="createuserByPassingValueViaFile" time="0.540"/>
  <testcase classname="com.qa.api.gorest.tests.DataDriventest" name="createuserByPassingValueDirectly" time="0.500"/>
  <testcase classname="com.qa.api.gorest.tests.DataDriventest" name="createuserByPassingValueViaFile" time="0.564"/>
  <testcase classname="com.qa.api.gorest.tests.DataDriventest" name="createuserByPassingValueDirectly" time="0.478"/>
  <testcase classname="com.qa.api.gorest.tests.DataDriventest" name="createuserByPassingValueViaFile" time="0.564"/>
  <testcase classname="com.qa.api.gorest.tests.DataDriventest" name="createuserByPassingValueViaFile" time="0.573"/>
  <testcase classname="com.qa.api.gorest.tests.DataDriventest" name="createuserByPassingValueDirectly" time="0.578"/>
  <testcase classname="com.qa.api.gorest.tests.DataDriventest" name="createuserByPassingValueViaFile" time="0.544"/>
  <testcase classname="com.qa.api.gorest.tests.DataDriventest" name="createuserByPassingValueViaFile" time="0.839"/>
  <testcase classname="com.qa.api.gorest.tests.DataDriventest" name="createuserByPassingValueViaFile" time="0.509"/>
  <testcase classname="com.qa.api.gorest.tests.DataDriventest" name="createuserByPassingValueViaFile" time="0.530"/>
  <testcase classname="com.qa.api.gorest.tests.DataDriventest" name="createuserByPassingValueViaFile" time="0.523"/>
  <testcase classname="com.qa.api.gorest.tests.DataDriventest" name="createuserByPassingValueViaFile" time="0.640"/>
</testsuite> <!-- com.qa.api.gorest.tests.DataDriventest -->
