<?xml version="1.0" encoding="UTF-8"?>
<!-- Generated by org.testng.reporters.JUnitReportReporter -->
<testsuite hostname="Jamunas-MacBook-Pro.local" failures="0" tests="6" name="com.qa.api.gorest.tests.GetAllUserTest" time="4.215" errors="0" timestamp="2026-02-17T17:56:53 IST" skipped="0">
  <testcase classname="com.qa.api.gorest.tests.GetAllUserTest" name="getallusers" time="1.758"/>
  <testcase classname="com.qa.api.gorest.tests.GetAllUserTest" name="getMaleandActiveusers" time="0.394"/>
  <testcase classname="com.qa.api.gorest.tests.GetAllUserTest" name="getSingleusers" time="0.593"/>
  <testcase classname="com.qa.api.gorest.tests.GetAllUserTest" name="getFeMaleandInActiveusers" time="0.267"/>
  <testcase classname="com.qa.api.gorest.tests.GetAllUserTest" name="getallFakeStoreProducts" time="0.514"/>
  <testcase classname="com.qa.api.gorest.tests.GetAllUserTest" name="getallFakeStoreUsers" time="0.689"/>
</testsuite> <!-- com.qa.api.gorest.tests.GetAllUserTest -->
