<?xml version="1.0" encoding="UTF-8"?>
<!-- Generated by org.testng.reporters.JUnitReportReporter -->
<testsuite hostname="Jamunas-MacBook-Pro.local" failures="0" tests="1" name="com.qa.api.schematests.GorestGetAllUserSchemaTest$GorestmaleactiveUserSchemaTest" time="0.626" errors="0" timestamp="2026-02-08T01:18:06 IST" skipped="0">
  <testcase classname="com.qa.api.schematests.GorestGetAllUserSchemaTest$GorestmaleactiveUserSchemaTest" name="getallusers" time="0.626"/>
</testsuite> <!-- com.qa.api.schematests.GorestGetAllUserSchemaTest$GorestmaleactiveUserSchemaTest -->
