<?xml version="1.0" encoding="UTF-8"?>
<!-- Generated by org.testng.reporters.JUnitReportReporter -->
<testsuite hostname="Jamunas-MacBook-Pro.local" failures="0" tests="5" name="com.qa.api.gorest.tests.PostCallsTest" time="2.327" errors="0" timestamp="2026-02-17T17:56:53 IST" skipped="1">
  <testcase classname="com.qa.api.gorest.tests.PostCallsTest" name="createuserByPojowithBuilder" time="0.324"/>
  <testcase classname="com.qa.api.gorest.tests.PostCallsTest" name="createuserByPojowithBuilder" time="0.277"/>
  <testcase classname="com.qa.api.gorest.tests.PostCallsTest" name="createuserByPojowithBuilder" time="0.904"/>
  <testcase classname="com.qa.api.gorest.tests.PostCallsTest" name="createuserByPojowithoutBuilder" time="0.822"/>
  <testcase classname="com.qa.api.gorest.tests.PostCallsTest" name="createuserByPassingFilewithRandomEmail">
    <skipped/>
  </testcase> <!-- createuserByPassingFilewithRandomEmail -->
</testsuite> <!-- com.qa.api.gorest.tests.PostCallsTest -->
