<?xml version="1.0" encoding="UTF-8"?>
<!-- Generated by org.testng.reporters.JUnitReportReporter -->
<testsuite hostname="Jamunas-MacBook-Pro.local" failures="0" tests="2" name="com.qa.api.gorest.tests.CompletePostCallScenario" time="3.365" errors="0" timestamp="2026-02-17T17:56:53 IST" skipped="0">
  <testcase classname="com.qa.api.gorest.tests.CompletePostCallScenario" name="createuserinContact" time="2.851"/>
  <testcase classname="com.qa.api.gorest.tests.CompletePostCallScenario" name="createuserinGorest" time="0.514"/>
</testsuite> <!-- com.qa.api.gorest.tests.CompletePostCallScenario -->
