<?xml version="1.0" encoding="UTF-8"?>
<!-- Generated by org.testng.reporters.JUnitReportReporter -->
<testsuite hostname="Jamunas-MacBook-Pro.local" failures="0" tests="2" name="com.qa.api.gorest.tests.CompletePostCallScenario" time="2.915" errors="0" timestamp="2026-02-17T18:14:03 IST" skipped="0">
  <testcase classname="com.qa.api.gorest.tests.CompletePostCallScenario" name="createuserinGorest" time="0.432"/>
  <testcase classname="com.qa.api.gorest.tests.CompletePostCallScenario" name="createuserinContact" time="2.483"/>
</testsuite> <!-- com.qa.api.gorest.tests.CompletePostCallScenario -->
