<?xml version="1.0" encoding="UTF-8"?>
<!-- Generated by org.testng.reporters.JUnitReportReporter -->
<testsuite hostname="Jamunas-MacBook-Pro.local" failures="0" tests="6" name="com.qa.api.gorest.tests.GetAllUserTest" time="2.306" errors="0" timestamp="2026-02-17T18:14:03 IST" skipped="0">
  <testcase classname="com.qa.api.gorest.tests.GetAllUserTest" name="getallusers" time="0.661"/>
  <testcase classname="com.qa.api.gorest.tests.GetAllUserTest" name="getMaleandActiveusers" time="0.237"/>
  <testcase classname="com.qa.api.gorest.tests.GetAllUserTest" name="getSingleusers" time="0.291"/>
  <testcase classname="com.qa.api.gorest.tests.GetAllUserTest" name="getFeMaleandInActiveusers" time="0.233"/>
  <testcase classname="com.qa.api.gorest.tests.GetAllUserTest" name="getallFakeStoreProducts" time="0.411"/>
  <testcase classname="com.qa.api.gorest.tests.GetAllUserTest" name="getallFakeStoreUsers" time="0.473"/>
</testsuite> <!-- com.qa.api.gorest.tests.GetAllUserTest -->
