<?xml version="1.0" encoding="UTF-8"?>
<!-- Generated by org.testng.reporters.JUnitReportReporter -->
<testsuite hostname="Jamunas-MacBook-Pro.local" failures="0" tests="5" name="com.qa.api.gorest.tests.PostCallsTest" time="1.214" errors="0" timestamp="2026-02-17T18:14:03 IST" skipped="1">
  <testcase classname="com.qa.api.gorest.tests.PostCallsTest" name="createuserByPojowithoutBuilder" time="0.387"/>
  <testcase classname="com.qa.api.gorest.tests.PostCallsTest" name="createuserByPojowithBuilder" time="0.323"/>
  <testcase classname="com.qa.api.gorest.tests.PostCallsTest" name="createuserByPojowithBuilder" time="0.248"/>
  <testcase classname="com.qa.api.gorest.tests.PostCallsTest" name="createuserByPojowithBuilder" time="0.256"/>
  <testcase classname="com.qa.api.gorest.tests.PostCallsTest" name="createuserByPassingFilewithRandomEmail">
    <skipped/>
  </testcase> <!-- createuserByPassingFilewithRandomEmail -->
</testsuite> <!-- com.qa.api.gorest.tests.PostCallsTest -->
