<?xml version="1.0" encoding="UTF-8"?>
<!-- Generated by org.testng.reporters.JUnitReportReporter -->
<testsuite hostname="Jamunas-MacBook-Pro.local" failures="0" tests="5" name="com.qa.api.scehma.tests.GetAllUserSchemaValidationTest" time="1.461" errors="0" timestamp="2026-02-17T18:14:03 IST" skipped="1">
  <testcase classname="com.qa.api.scehma.tests.GetAllUserSchemaValidationTest" name="getallcartsSchemaValidation" time="0.564"/>
  <testcase classname="com.qa.api.scehma.tests.GetAllUserSchemaValidationTest" name="getallusersSchemaValidation" time="0.240"/>
  <testcase classname="com.qa.api.scehma.tests.GetAllUserSchemaValidationTest" name="getallproductsSchemaValidation" time="0.404"/>
  <testcase classname="com.qa.api.scehma.tests.GetAllUserSchemaValidationTest" name="postSingleusersSchemaValidation" time="0.253"/>
  <testcase classname="com.qa.api.scehma.tests.GetAllUserSchemaValidationTest" name="getSingleusersSchemaValidation">
    <skipped/>
  </testcase> <!-- getSingleusersSchemaValidation -->
</testsuite> <!-- com.qa.api.scehma.tests.GetAllUserSchemaValidationTest -->
